<?xml version="1.0" encoding="UTF-8"?>
<testsuite name="SolutionServiceTest" tests="8" skipped="0" failures="0" errors="0" timestamp="2019-10-03T20:19:54" hostname="mint-pc" time="0.006">
  <properties/>
  <testcase name="test101" classname="SolutionServiceTest" time="0.003"/>
  <testcase name="test00" classname="SolutionServiceTest" time="0.0"/>
  <testcase name="test10" classname="SolutionServiceTest" time="0.0"/>
  <testcase name="test33" classname="SolutionServiceTest" time="0.0"/>
  <testcase name="test" classname="SolutionServiceTest" time="0.0"/>
  <testcase name="test0" classname="SolutionServiceTest" time="0.0"/>
  <testcase name="test1" classname="SolutionServiceTest" time="0.0"/>
  <testcase name="test2" classname="SolutionServiceTest" time="0.0"/>
  <system-out><![CDATA[]]></system-out>
  <system-err><![CDATA[]]></system-err>
</testsuite>
